// ðŸ› ï¸ Ativa log de erros no PHP
ini_set('log_errors', 1);
ini_set('error_log', __DIR__ . '/../../logs/php-error.log'); // ou outro caminho desejado
error_reporting(E_ALL);[29-May-2025 23:31:21 America/Sao_Paulo] PHP Warning:  require_once(C:\xampp\htdocs\sgbccni\public_html/../../backend/includes/session.php): Failed to open stream: No such file or directory in C:\xampp\htdocs\sgbccni\public_html\index.php on line 3
[29-May-2025 23:31:21 America/Sao_Paulo] PHP Fatal error:  Uncaught Error: Failed opening required 'C:\xampp\htdocs\sgbccni\public_html/../../backend/includes/session.php' (include_path='C:\xampp\php\PEAR') in C:\xampp\htdocs\sgbccni\public_html\index.php:3
Stack trace:
#0 {main}
  thrown in C:\xampp\htdocs\sgbccni\public_html\index.php on line 3
[29-May-2025 23:31:24 America/Sao_Paulo] PHP Warning:  require_once(C:\xampp\htdocs\sgbccni\public_html/../../backend/includes/session.php): Failed to open stream: No such file or directory in C:\xampp\htdocs\sgbccni\public_html\index.php on line 3
[29-May-2025 23:31:24 America/Sao_Paulo] PHP Fatal error:  Uncaught Error: Failed opening required 'C:\xampp\htdocs\sgbccni\public_html/../../backend/includes/session.php' (include_path='C:\xampp\php\PEAR') in C:\xampp\htdocs\sgbccni\public_html\index.php:3
Stack trace:
#0 {main}
  thrown in C:\xampp\htdocs\sgbccni\public_html\index.php on line 3
[29-May-2025 23:31:25 America/Sao_Paulo] PHP Warning:  require_once(C:\xampp\htdocs\sgbccni\public_html/../../backend/includes/session.php): Failed to open stream: No such file or directory in C:\xampp\htdocs\sgbccni\public_html\index.php on line 3
[29-May-2025 23:31:25 America/Sao_Paulo] PHP Fatal error:  Uncaught Error: Failed opening required 'C:\xampp\htdocs\sgbccni\public_html/../../backend/includes/session.php' (include_path='C:\xampp\php\PEAR') in C:\xampp\htdocs\sgbccni\public_html\index.php:3
Stack trace:
#0 {main}
  thrown in C:\xampp\htdocs\sgbccni\public_html\index.php on line 3
[29-May-2025 23:31:25 America/Sao_Paulo] PHP Warning:  require_once(C:\xampp\htdocs\sgbccni\public_html/../../backend/includes/session.php): Failed to open stream: No such file or directory in C:\xampp\htdocs\sgbccni\public_html\index.php on line 3
[29-May-2025 23:31:25 America/Sao_Paulo] PHP Fatal error:  Uncaught Error: Failed opening required 'C:\xampp\htdocs\sgbccni\public_html/../../backend/includes/session.php' (include_path='C:\xampp\php\PEAR') in C:\xampp\htdocs\sgbccni\public_html\index.php:3
Stack trace:
#0 {main}
  thrown in C:\xampp\htdocs\sgbccni\public_html\index.php on line 3
[29-May-2025 23:31:40 America/Sao_Paulo] PHP Warning:  require_once(C:\xampp\htdocs\sgbccni\public_html/../../backend/includes/session.php): Failed to open stream: No such file or directory in C:\xampp\htdocs\sgbccni\public_html\index.php on line 3
[29-May-2025 23:31:40 America/Sao_Paulo] PHP Fatal error:  Uncaught Error: Failed opening required 'C:\xampp\htdocs\sgbccni\public_html/../../backend/includes/session.php' (include_path='C:\xampp\php\PEAR') in C:\xampp\htdocs\sgbccni\public_html\index.php:3
Stack trace:
#0 {main}
  thrown in C:\xampp\htdocs\sgbccni\public_html\index.php on line 3
[29-May-2025 23:31:41 America/Sao_Paulo] PHP Warning:  require_once(C:\xampp\htdocs\sgbccni\public_html/../../backend/includes/session.php): Failed to open stream: No such file or directory in C:\xampp\htdocs\sgbccni\public_html\index.php on line 3
[29-May-2025 23:31:41 America/Sao_Paulo] PHP Fatal error:  Uncaught Error: Failed opening required 'C:\xampp\htdocs\sgbccni\public_html/../../backend/includes/session.php' (include_path='C:\xampp\php\PEAR') in C:\xampp\htdocs\sgbccni\public_html\index.php:3
Stack trace:
#0 {main}
  thrown in C:\xampp\htdocs\sgbccni\public_html\index.php on line 3
[30-May-2025 13:51:41 America/Sao_Paulo] PHP Warning:  include_once(C:\xampp\htdocs\sgbccni\frontend\usuario/../includes/header.php): Failed to open stream: No such file or directory in C:\xampp\htdocs\sgbccni\frontend\usuario\favoritos.php on line 8
[30-May-2025 13:51:41 America/Sao_Paulo] PHP Warning:  include_once(): Failed opening 'C:\xampp\htdocs\sgbccni\frontend\usuario/../includes/header.php' for inclusion (include_path='C:\xampp\php\PEAR') in C:\xampp\htdocs\sgbccni\frontend\usuario\favoritos.php on line 8
[30-May-2025 13:51:41 America/Sao_Paulo] PHP Fatal error:  Uncaught mysqli_sql_exception: Unknown column 'titulo' in 'field list' in C:\xampp\htdocs\sgbccni\frontend\usuario\favoritos.php:22
Stack trace:
#0 C:\xampp\htdocs\sgbccni\frontend\usuario\favoritos.php(22): mysqli->prepare('SELECT titulo, ...')
#1 {main}
  thrown in C:\xampp\htdocs\sgbccni\frontend\usuario\favoritos.php on line 22
[30-May-2025 13:52:40 America/Sao_Paulo] PHP Warning:  move_uploaded_file(C:\xampp\htdocs\sgbccni\frontend/../backend/uploads/6839e2581caf8.jpg): Failed to open stream: No such file or directory in C:\xampp\htdocs\sgbccni\frontend\usuario\salvar_perfil.php on line 51
[30-May-2025 13:52:40 America/Sao_Paulo] PHP Warning:  move_uploaded_file(): Unable to move &quot;C:\xampp\tmp\php9EC4.tmp&quot; to &quot;C:\xampp\htdocs\sgbccni\frontend/../backend/uploads/6839e2581caf8.jpg&quot; in C:\xampp\htdocs\sgbccni\frontend\usuario\salvar_perfil.php on line 51
[30-May-2025 13:54:31 America/Sao_Paulo] PHP Warning:  include_once(C:\xampp\htdocs\sgbccni\frontend\usuario/../includes/header.php): Failed to open stream: No such file or directory in C:\xampp\htdocs\sgbccni\frontend\usuario\favoritos.php on line 8
[30-May-2025 13:54:31 America/Sao_Paulo] PHP Warning:  include_once(): Failed opening 'C:\xampp\htdocs\sgbccni\frontend\usuario/../includes/header.php' for inclusion (include_path='C:\xampp\php\PEAR') in C:\xampp\htdocs\sgbccni\frontend\usuario\favoritos.php on line 8
[30-May-2025 13:54:31 America/Sao_Paulo] PHP Fatal error:  Uncaught mysqli_sql_exception: Unknown column 'titulo' in 'field list' in C:\xampp\htdocs\sgbccni\frontend\usuario\favoritos.php:22
Stack trace:
#0 C:\xampp\htdocs\sgbccni\frontend\usuario\favoritos.php(22): mysqli->prepare('SELECT titulo, ...')
#1 {main}
  thrown in C:\xampp\htdocs\sgbccni\frontend\usuario\favoritos.php on line 22
[30-May-2025 13:58:06 America/Sao_Paulo] PHP Warning:  include_once(C:\xampp\htdocs\sgbccni\frontend\usuario/../includes/header.php): Failed to open stream: No such file or directory in C:\xampp\htdocs\sgbccni\frontend\usuario\favoritos.php on line 8
[30-May-2025 13:58:06 America/Sao_Paulo] PHP Warning:  include_once(): Failed opening 'C:\xampp\htdocs\sgbccni\frontend\usuario/../includes/header.php' for inclusion (include_path='C:\xampp\php\PEAR') in C:\xampp\htdocs\sgbccni\frontend\usuario\favoritos.php on line 8
[30-May-2025 13:58:06 America/Sao_Paulo] PHP Fatal error:  Uncaught mysqli_sql_exception: Unknown column 'titulo' in 'field list' in C:\xampp\htdocs\sgbccni\frontend\usuario\favoritos.php:22
Stack trace:
#0 C:\xampp\htdocs\sgbccni\frontend\usuario\favoritos.php(22): mysqli->prepare('SELECT titulo, ...')
#1 {main}
  thrown in C:\xampp\htdocs\sgbccni\frontend\usuario\favoritos.php on line 22
[30-May-2025 13:58:21 America/Sao_Paulo] PHP Warning:  include_once(C:\xampp\htdocs\sgbccni\frontend\usuario/../includes/header.php): Failed to open stream: No such file or directory in C:\xampp\htdocs\sgbccni\frontend\usuario\historico.php on line 5
[30-May-2025 13:58:21 America/Sao_Paulo] PHP Warning:  include_once(): Failed opening 'C:\xampp\htdocs\sgbccni\frontend\usuario/../includes/header.php' for inclusion (include_path='C:\xampp\php\PEAR') in C:\xampp\htdocs\sgbccni\frontend\usuario\historico.php on line 5
[30-May-2025 13:58:21 America/Sao_Paulo] PHP Fatal error:  Uncaught mysqli_sql_exception: Unknown column 'l.autor' in 'field list' in C:\xampp\htdocs\sgbccni\frontend\usuario\historico.php:17
Stack trace:
#0 C:\xampp\htdocs\sgbccni\frontend\usuario\historico.php(17): mysqli->prepare('SELECT l.id, l....')
#1 {main}
  thrown in C:\xampp\htdocs\sgbccni\frontend\usuario\historico.php on line 17
[30-May-2025 13:59:28 America/Sao_Paulo] PHP Fatal error:  Uncaught mysqli_sql_exception: Unknown column 'l.autor' in 'field list' in C:\xampp\htdocs\sgbccni\frontend\usuario\historico.php:18
Stack trace:
#0 C:\xampp\htdocs\sgbccni\frontend\usuario\historico.php(18): mysqli->prepare('SELECT l.id, l....')
#1 {main}
  thrown in C:\xampp\htdocs\sgbccni\frontend\usuario\historico.php on line 18
[30-May-2025 13:59:32 America/Sao_Paulo] PHP Fatal error:  Uncaught mysqli_sql_exception: Unknown column 'l.autor' in 'field list' in C:\xampp\htdocs\sgbccni\frontend\usuario\historico.php:18
Stack trace:
#0 C:\xampp\htdocs\sgbccni\frontend\usuario\historico.php(18): mysqli->prepare('SELECT l.id, l....')
#1 {main}
  thrown in C:\xampp\htdocs\sgbccni\frontend\usuario\historico.php on line 18
[30-May-2025 13:59:44 America/Sao_Paulo] PHP Warning:  include_once(C:\xampp\htdocs\sgbccni\frontend\usuario/../includes/header.php): Failed to open stream: No such file or directory in C:\xampp\htdocs\sgbccni\frontend\usuario\favoritos.php on line 9
[30-May-2025 13:59:44 America/Sao_Paulo] PHP Warning:  include_once(): Failed opening 'C:\xampp\htdocs\sgbccni\frontend\usuario/../includes/header.php' for inclusion (include_path='C:\xampp\php\PEAR') in C:\xampp\htdocs\sgbccni\frontend\usuario\favoritos.php on line 9
[30-May-2025 13:59:44 America/Sao_Paulo] PHP Fatal error:  Uncaught mysqli_sql_exception: Unknown column 'titulo' in 'field list' in C:\xampp\htdocs\sgbccni\frontend\usuario\favoritos.php:23
Stack trace:
#0 C:\xampp\htdocs\sgbccni\frontend\usuario\favoritos.php(23): mysqli->prepare('SELECT titulo, ...')
#1 {main}
  thrown in C:\xampp\htdocs\sgbccni\frontend\usuario\favoritos.php on line 23
[03-Jun-2025 13:06:35 America/Sao_Paulo] PHP Fatal error:  Uncaught mysqli_sql_exception: Unknown column 'l.autor' in 'field list' in C:\xampp\htdocs\sgbccni\frontend\usuario\historico.php:18
Stack trace:
#0 C:\xampp\htdocs\sgbccni\frontend\usuario\historico.php(18): mysqli->prepare('SELECT l.id, l....')
#1 {main}
  thrown in C:\xampp\htdocs\sgbccni\frontend\usuario\historico.php on line 18
[03-Jun-2025 13:06:38 America/Sao_Paulo] PHP Warning:  include_once(C:\xampp\htdocs\sgbccni\frontend\usuario/../includes/header.php): Failed to open stream: No such file or directory in C:\xampp\htdocs\sgbccni\frontend\usuario\favoritos.php on line 9
[03-Jun-2025 13:06:38 America/Sao_Paulo] PHP Warning:  include_once(): Failed opening 'C:\xampp\htdocs\sgbccni\frontend\usuario/../includes/header.php' for inclusion (include_path='C:\xampp\php\PEAR') in C:\xampp\htdocs\sgbccni\frontend\usuario\favoritos.php on line 9
[03-Jun-2025 13:06:38 America/Sao_Paulo] PHP Fatal error:  Uncaught mysqli_sql_exception: Unknown column 'titulo' in 'field list' in C:\xampp\htdocs\sgbccni\frontend\usuario\favoritos.php:23
Stack trace:
#0 C:\xampp\htdocs\sgbccni\frontend\usuario\favoritos.php(23): mysqli->prepare('SELECT titulo, ...')
#1 {main}
  thrown in C:\xampp\htdocs\sgbccni\frontend\usuario\favoritos.php on line 23
[03-Jun-2025 13:15:01 America/Sao_Paulo] PHP Notice:  session_start(): Ignoring session_start() because a session is already active in C:\xampp\htdocs\sgbccni\frontend\usuario\protect_usuario.php on line 2
[03-Jun-2025 13:15:06 America/Sao_Paulo] PHP Notice:  session_start(): Ignoring session_start() because a session is already active in C:\xampp\htdocs\sgbccni\frontend\usuario\protect_usuario.php on line 2
[03-Jun-2025 13:15:06 America/Sao_Paulo] PHP Notice:  session_start(): Ignoring session_start() because a session is already active in C:\xampp\htdocs\sgbccni\frontend\usuario\protect_usuario.php on line 2
[03-Jun-2025 13:15:08 America/Sao_Paulo] PHP Notice:  session_start(): Ignoring session_start() because a session is already active in C:\xampp\htdocs\sgbccni\frontend\usuario\protect_usuario.php on line 2
[03-Jun-2025 13:15:09 America/Sao_Paulo] PHP Notice:  session_start(): Ignoring session_start() because a session is already active in C:\xampp\htdocs\sgbccni\frontend\usuario\protect_usuario.php on line 2
[03-Jun-2025 13:46:09 America/Sao_Paulo] PHP Notice:  session_start(): Ignoring session_start() because a session is already active in C:\xampp\htdocs\sgbccni\frontend\usuario\protect_usuario.php on line 2
[03-Jun-2025 13:46:11 America/Sao_Paulo] PHP Notice:  session_start(): Ignoring session_start() because a session is already active in C:\xampp\htdocs\sgbccni\frontend\usuario\protect_usuario.php on line 2
[03-Jun-2025 13:46:12 America/Sao_Paulo] PHP Notice:  session_start(): Ignoring session_start() because a session is already active in C:\xampp\htdocs\sgbccni\frontend\usuario\protect_usuario.php on line 2
[03-Jun-2025 13:46:13 America/Sao_Paulo] PHP Notice:  session_start(): Ignoring session_start() because a session is already active in C:\xampp\htdocs\sgbccni\frontend\usuario\protect_usuario.php on line 2
[03-Jun-2025 13:46:14 America/Sao_Paulo] PHP Notice:  session_start(): Ignoring session_start() because a session is already active in C:\xampp\htdocs\sgbccni\frontend\usuario\protect_usuario.php on line 2
[03-Jun-2025 13:46:46 America/Sao_Paulo] PHP Notice:  session_start(): Ignoring session_start() because a session is already active in C:\xampp\htdocs\sgbccni\frontend\usuario\protect_usuario.php on line 2
[03-Jun-2025 13:46:50 America/Sao_Paulo] PHP Notice:  session_start(): Ignoring session_start() because a session is already active in C:\xampp\htdocs\sgbccni\frontend\usuario\protect_usuario.php on line 2
[03-Jun-2025 13:46:57 America/Sao_Paulo] PHP Notice:  session_start(): Ignoring session_start() because a session is already active in C:\xampp\htdocs\sgbccni\frontend\usuario\protect_usuario.php on line 2
[09-Jun-2025 11:30:21 America/Sao_Paulo] PHP Notice:  session_start(): Ignoring session_start() because a session is already active in C:\xampp\htdocs\sgbccni\frontend\usuario\protect_usuario.php on line 2
[09-Jun-2025 11:30:32 America/Sao_Paulo] PHP Notice:  session_start(): Ignoring session_start() because a session is already active in C:\xampp\htdocs\sgbccni\frontend\usuario\protect_usuario.php on line 2
[09-Jun-2025 11:30:34 America/Sao_Paulo] PHP Notice:  session_start(): Ignoring session_start() because a session is already active in C:\xampp\htdocs\sgbccni\frontend\usuario\protect_usuario.php on line 2
[09-Jun-2025 11:31:53 America/Sao_Paulo] PHP Notice:  session_start(): Ignoring session_start() because a session is already active in C:\xampp\htdocs\sgbccni\frontend\usuario\protect_usuario.php on line 2
[09-Jun-2025 11:31:55 America/Sao_Paulo] PHP Notice:  session_start(): Ignoring session_start() because a session is already active in C:\xampp\htdocs\sgbccni\frontend\usuario\protect_usuario.php on line 2
[09-Jun-2025 11:36:21 America/Sao_Paulo] PHP Notice:  session_start(): Ignoring session_start() because a session is already active in C:\xampp\htdocs\sgbccni\frontend\usuario\protect_usuario.php on line 2
[09-Jun-2025 11:42:20 America/Sao_Paulo] PHP Notice:  session_start(): Ignoring session_start() because a session is already active in C:\xampp\htdocs\sgbccni\frontend\usuario\protect_usuario.php on line 2
[09-Jun-2025 11:42:21 America/Sao_Paulo] PHP Notice:  session_start(): Ignoring session_start() because a session is already active in C:\xampp\htdocs\sgbccni\frontend\usuario\protect_usuario.php on line 2
[09-Jun-2025 11:42:22 America/Sao_Paulo] PHP Notice:  session_start(): Ignoring session_start() because a session is already active in C:\xampp\htdocs\sgbccni\frontend\usuario\protect_usuario.php on line 2
[09-Jun-2025 11:45:09 America/Sao_Paulo] PHP Notice:  session_start(): Ignoring session_start() because a session is already active in C:\xampp\htdocs\sgbccni\frontend\usuario\protect_usuario.php on line 2
[09-Jun-2025 11:45:10 America/Sao_Paulo] PHP Notice:  session_start(): Ignoring session_start() because a session is already active in C:\xampp\htdocs\sgbccni\frontend\usuario\protect_usuario.php on line 2
[09-Jun-2025 11:45:15 America/Sao_Paulo] PHP Notice:  session_start(): Ignoring session_start() because a session is already active in C:\xampp\htdocs\sgbccni\frontend\usuario\protect_usuario.php on line 2
[09-Jun-2025 11:51:20 America/Sao_Paulo] PHP Notice:  session_start(): Ignoring session_start() because a session is already active in C:\xampp\htdocs\sgbccni\frontend\usuario\protect_usuario.php on line 2
[09-Jun-2025 11:53:19 America/Sao_Paulo] PHP Notice:  session_start(): Ignoring session_start() because a session is already active in C:\xampp\htdocs\sgbccni\frontend\usuario\protect_usuario.php on line 2
[09-Jun-2025 11:54:18 America/Sao_Paulo] PHP Notice:  session_start(): Ignoring session_start() because a session is already active in C:\xampp\htdocs\sgbccni\frontend\usuario\protect_usuario.php on line 2
[09-Jun-2025 11:55:12 America/Sao_Paulo] PHP Notice:  session_start(): Ignoring session_start() because a session is already active in C:\xampp\htdocs\sgbccni\frontend\usuario\protect_usuario.php on line 2
[09-Jun-2025 11:55:13 America/Sao_Paulo] PHP Notice:  session_start(): Ignoring session_start() because a session is already active in C:\xampp\htdocs\sgbccni\frontend\usuario\protect_usuario.php on line 2
[09-Jun-2025 11:57:34 America/Sao_Paulo] PHP Notice:  session_start(): Ignoring session_start() because a session is already active in C:\xampp\htdocs\sgbccni\frontend\usuario\protect_usuario.php on line 2
[09-Jun-2025 11:59:48 America/Sao_Paulo] PHP Notice:  session_start(): Ignoring session_start() because a session is already active in C:\xampp\htdocs\sgbccni\frontend\usuario\protect_usuario.php on line 2
[09-Jun-2025 11:59:50 America/Sao_Paulo] PHP Notice:  session_start(): Ignoring session_start() because a session is already active in C:\xampp\htdocs\sgbccni\frontend\usuario\protect_usuario.php on line 2
[09-Jun-2025 12:00:03 America/Sao_Paulo] PHP Notice:  session_start(): Ignoring session_start() because a session is already active in C:\xampp\htdocs\sgbccni\frontend\usuario\protect_usuario.php on line 2
[09-Jun-2025 12:00:11 America/Sao_Paulo] PHP Notice:  session_start(): Ignoring session_start() because a session is already active in C:\xampp\htdocs\sgbccni\frontend\usuario\protect_usuario.php on line 2
[09-Jun-2025 12:01:15 America/Sao_Paulo] PHP Notice:  session_start(): Ignoring session_start() because a session is already active in C:\xampp\htdocs\sgbccni\frontend\usuario\protect_usuario.php on line 2
[09-Jun-2025 12:04:01 America/Sao_Paulo] PHP Notice:  session_start(): Ignoring session_start() because a session is already active in C:\xampp\htdocs\sgbccni\frontend\usuario\protect_usuario.php on line 2
[09-Jun-2025 12:04:15 America/Sao_Paulo] PHP Notice:  session_start(): Ignoring session_start() because a session is already active in C:\xampp\htdocs\sgbccni\frontend\usuario\protect_usuario.php on line 2
[09-Jun-2025 12:04:22 America/Sao_Paulo] PHP Notice:  session_start(): Ignoring session_start() because a session is already active in C:\xampp\htdocs\sgbccni\frontend\usuario\protect_usuario.php on line 2
[09-Jun-2025 12:07:16 America/Sao_Paulo] PHP Notice:  session_start(): Ignoring session_start() because a session is already active in C:\xampp\htdocs\sgbccni\frontend\usuario\protect_usuario.php on line 2
[09-Jun-2025 12:07:17 America/Sao_Paulo] PHP Notice:  session_start(): Ignoring session_start() because a session is already active in C:\xampp\htdocs\sgbccni\frontend\usuario\protect_usuario.php on line 2
[09-Jun-2025 12:07:41 America/Sao_Paulo] PHP Notice:  session_start(): Ignoring session_start() because a session is already active in C:\xampp\htdocs\sgbccni\frontend\usuario\protect_usuario.php on line 2
[09-Jun-2025 12:17:10 America/Sao_Paulo] PHP Notice:  session_start(): Ignoring session_start() because a session is already active in C:\xampp\htdocs\sgbccni\frontend\usuario\protect_usuario.php on line 2
[20-Jun-2025 19:43:51 America/Sao_Paulo] PHP Notice:  session_start(): Ignoring session_start() because a session is already active in C:\xampp\htdocs\sgbccni\backend\config\config.php on line 2
[20-Jun-2025 19:44:02 America/Sao_Paulo] PHP Notice:  session_start(): Ignoring session_start() because a session is already active in C:\xampp\htdocs\sgbccni\backend\config\config.php on line 2
[20-Jun-2025 19:44:14 America/Sao_Paulo] PHP Notice:  session_start(): Ignoring session_start() because a session is already active in C:\xampp\htdocs\sgbccni\backend\config\config.php on line 2
[20-Jun-2025 19:44:35 America/Sao_Paulo] PHP Notice:  session_start(): Ignoring session_start() because a session is already active in C:\xampp\htdocs\sgbccni\backend\config\config.php on line 2
[20-Jun-2025 19:45:05 America/Sao_Paulo] PHP Notice:  session_start(): Ignoring session_start() because a session is already active in C:\xampp\htdocs\sgbccni\backend\config\config.php on line 2
[20-Jun-2025 19:45:17 America/Sao_Paulo] PHP Notice:  session_start(): Ignoring session_start() because a session is already active in C:\xampp\htdocs\sgbccni\backend\config\config.php on line 2
[20-Jun-2025 19:54:13 America/Sao_Paulo] PHP Notice:  session_start(): Ignoring session_start() because a session is already active in C:\xampp\htdocs\sgbccni\backend\config\config.php on line 2
[20-Jun-2025 19:54:21 America/Sao_Paulo] PHP Notice:  session_start(): Ignoring session_start() because a session is already active in C:\xampp\htdocs\sgbccni\backend\config\config.php on line 2
[20-Jun-2025 19:54:59 America/Sao_Paulo] PHP Notice:  session_start(): Ignoring session_start() because a session is already active in C:\xampp\htdocs\sgbccni\backend\config\config.php on line 2
[20-Jun-2025 21:35:53 America/Sao_Paulo] PHP Notice:  session_start(): Ignoring session_start() because a session is already active in C:\xampp\htdocs\sgbccni\backend\config\config.php on line 2
[20-Jun-2025 21:36:11 America/Sao_Paulo] PHP Notice:  session_start(): Ignoring session_start() because a session is already active in C:\xampp\htdocs\sgbccni\backend\config\config.php on line 2
[20-Jun-2025 21:36:28 America/Sao_Paulo] PHP Notice:  session_start(): Ignoring session_start() because a session is already active in C:\xampp\htdocs\sgbccni\backend\config\config.php on line 2
[16-Jul-2025 16:50:26 America/Sao_Paulo] PHP Notice:  session_start(): Ignoring session_start() because a session is already active in C:\xampp\htdocs\sgbccni\backend\config\config.php on line 2
[16-Jul-2025 17:10:52 America/Sao_Paulo] PHP Warning:  Undefined variable $host in C:\xampp\htdocs\sgbccni\backend\includes\db.php on line 4
[16-Jul-2025 17:10:52 America/Sao_Paulo] PHP Warning:  Undefined variable $db in C:\xampp\htdocs\sgbccni\backend\includes\db.php on line 4
[16-Jul-2025 17:10:52 America/Sao_Paulo] PHP Warning:  Undefined variable $user in C:\xampp\htdocs\sgbccni\backend\includes\db.php on line 4
[16-Jul-2025 17:10:52 America/Sao_Paulo] PHP Warning:  Undefined variable $pass in C:\xampp\htdocs\sgbccni\backend\includes\db.php on line 4
[16-Jul-2025 17:11:24 America/Sao_Paulo] PHP Warning:  Undefined variable $host in C:\xampp\htdocs\sgbccni\backend\includes\db.php on line 4
[16-Jul-2025 17:11:24 America/Sao_Paulo] PHP Warning:  Undefined variable $db in C:\xampp\htdocs\sgbccni\backend\includes\db.php on line 4
[16-Jul-2025 17:11:24 America/Sao_Paulo] PHP Warning:  Undefined variable $user in C:\xampp\htdocs\sgbccni\backend\includes\db.php on line 4
[16-Jul-2025 17:11:24 America/Sao_Paulo] PHP Warning:  Undefined variable $pass in C:\xampp\htdocs\sgbccni\backend\includes\db.php on line 4
[16-Jul-2025 17:11:25 America/Sao_Paulo] PHP Warning:  Undefined variable $host in C:\xampp\htdocs\sgbccni\backend\includes\db.php on line 4
[16-Jul-2025 17:11:25 America/Sao_Paulo] PHP Warning:  Undefined variable $db in C:\xampp\htdocs\sgbccni\backend\includes\db.php on line 4
[16-Jul-2025 17:11:25 America/Sao_Paulo] PHP Warning:  Undefined variable $user in C:\xampp\htdocs\sgbccni\backend\includes\db.php on line 4
[16-Jul-2025 17:11:25 America/Sao_Paulo] PHP Warning:  Undefined variable $pass in C:\xampp\htdocs\sgbccni\backend\includes\db.php on line 4
[16-Jul-2025 17:11:26 America/Sao_Paulo] PHP Warning:  Undefined variable $host in C:\xampp\htdocs\sgbccni\backend\includes\db.php on line 4
[16-Jul-2025 17:11:26 America/Sao_Paulo] PHP Warning:  Undefined variable $db in C:\xampp\htdocs\sgbccni\backend\includes\db.php on line 4
[16-Jul-2025 17:11:26 America/Sao_Paulo] PHP Warning:  Undefined variable $user in C:\xampp\htdocs\sgbccni\backend\includes\db.php on line 4
[16-Jul-2025 17:11:26 America/Sao_Paulo] PHP Warning:  Undefined variable $pass in C:\xampp\htdocs\sgbccni\backend\includes\db.php on line 4
[16-Jul-2025 17:11:58 America/Sao_Paulo] PHP Warning:  Undefined variable $host in C:\xampp\htdocs\sgbccni\backend\includes\db.php on line 4
[16-Jul-2025 17:11:58 America/Sao_Paulo] PHP Warning:  Undefined variable $db in C:\xampp\htdocs\sgbccni\backend\includes\db.php on line 4
[16-Jul-2025 17:11:58 America/Sao_Paulo] PHP Warning:  Undefined variable $user in C:\xampp\htdocs\sgbccni\backend\includes\db.php on line 4
[16-Jul-2025 17:11:58 America/Sao_Paulo] PHP Warning:  Undefined variable $pass in C:\xampp\htdocs\sgbccni\backend\includes\db.php on line 4
[16-Jul-2025 17:11:59 America/Sao_Paulo] PHP Warning:  Undefined variable $host in C:\xampp\htdocs\sgbccni\backend\includes\db.php on line 4
[16-Jul-2025 17:11:59 America/Sao_Paulo] PHP Warning:  Undefined variable $db in C:\xampp\htdocs\sgbccni\backend\includes\db.php on line 4
[16-Jul-2025 17:11:59 America/Sao_Paulo] PHP Warning:  Undefined variable $user in C:\xampp\htdocs\sgbccni\backend\includes\db.php on line 4
[16-Jul-2025 17:11:59 America/Sao_Paulo] PHP Warning:  Undefined variable $pass in C:\xampp\htdocs\sgbccni\backend\includes\db.php on line 4
