[09-Jun-2025 12:41:31 America/Sao_Paulo] PHP Warning:  include_once(C:\xampp\htdocs\sgbccni\frontend\usuario/../includes/header.php): Failed to open stream: No such file or directory in C:\xampp\htdocs\sgbccni\frontend\usuario\favoritos.php on line 9
[09-Jun-2025 12:41:31 America/Sao_Paulo] PHP Warning:  include_once(): Failed opening 'C:\xampp\htdocs\sgbccni\frontend\usuario/../includes/header.php' for inclusion (include_path='C:\xampp\php\PEAR') in C:\xampp\htdocs\sgbccni\frontend\usuario\favoritos.php on line 9
[09-Jun-2025 12:41:31 America/Sao_Paulo] PHP Fatal error:  Uncaught mysqli_sql_exception: Unknown column 'titulo' in 'field list' in C:\xampp\htdocs\sgbccni\frontend\usuario\favoritos.php:23
Stack trace:
#0 C:\xampp\htdocs\sgbccni\frontend\usuario\favoritos.php(23): mysqli->prepare('SELECT titulo, ...')
#1 {main}
  thrown in C:\xampp\htdocs\sgbccni\frontend\usuario\favoritos.php on line 23
[09-Jun-2025 12:41:37 America/Sao_Paulo] PHP Notice:  session_start(): Ignoring session_start() because a session is already active in C:\xampp\htdocs\sgbccni\frontend\usuario\protect_usuario.php on line 2
[10-Jun-2025 15:30:58 America/Sao_Paulo] PHP Warning:  include_once(C:\xampp\htdocs\sgbccni\frontend\usuario/../includes/header.php): Failed to open stream: No such file or directory in C:\xampp\htdocs\sgbccni\frontend\usuario\favoritos.php on line 9
[10-Jun-2025 15:30:58 America/Sao_Paulo] PHP Warning:  include_once(): Failed opening 'C:\xampp\htdocs\sgbccni\frontend\usuario/../includes/header.php' for inclusion (include_path='C:\xampp\php\PEAR') in C:\xampp\htdocs\sgbccni\frontend\usuario\favoritos.php on line 9
[10-Jun-2025 15:30:58 America/Sao_Paulo] PHP Fatal error:  Uncaught mysqli_sql_exception: Unknown column 'titulo' in 'field list' in C:\xampp\htdocs\sgbccni\frontend\usuario\favoritos.php:23
Stack trace:
#0 C:\xampp\htdocs\sgbccni\frontend\usuario\favoritos.php(23): mysqli->prepare('SELECT titulo, ...')
#1 {main}
  thrown in C:\xampp\htdocs\sgbccni\frontend\usuario\favoritos.php on line 23
[10-Jun-2025 15:31:10 America/Sao_Paulo] PHP Notice:  session_start(): Ignoring session_start() because a session is already active in C:\xampp\htdocs\sgbccni\frontend\usuario\protect_usuario.php on line 2
[10-Jun-2025 15:31:17 America/Sao_Paulo] PHP Warning:  include_once(C:\xampp\htdocs\sgbccni\frontend\usuario/../includes/header.php): Failed to open stream: No such file or directory in C:\xampp\htdocs\sgbccni\frontend\usuario\favoritos.php on line 9
[10-Jun-2025 15:31:17 America/Sao_Paulo] PHP Warning:  include_once(): Failed opening 'C:\xampp\htdocs\sgbccni\frontend\usuario/../includes/header.php' for inclusion (include_path='C:\xampp\php\PEAR') in C:\xampp\htdocs\sgbccni\frontend\usuario\favoritos.php on line 9
[10-Jun-2025 15:31:17 America/Sao_Paulo] PHP Fatal error:  Uncaught mysqli_sql_exception: Unknown column 'titulo' in 'field list' in C:\xampp\htdocs\sgbccni\frontend\usuario\favoritos.php:23
Stack trace:
#0 C:\xampp\htdocs\sgbccni\frontend\usuario\favoritos.php(23): mysqli->prepare('SELECT titulo, ...')
#1 {main}
  thrown in C:\xampp\htdocs\sgbccni\frontend\usuario\favoritos.php on line 23
[10-Jun-2025 17:35:20 America/Sao_Paulo] PHP Notice:  session_start(): Ignoring session_start() because a session is already active in C:\xampp\htdocs\sgbccni\frontend\usuario\protect_usuario.php on line 2
[10-Jun-2025 17:35:31 America/Sao_Paulo] PHP Warning:  include_once(C:\xampp\htdocs\sgbccni\frontend\usuario/../includes/header.php): Failed to open stream: No such file or directory in C:\xampp\htdocs\sgbccni\frontend\usuario\favoritos.php on line 9
[10-Jun-2025 17:35:31 America/Sao_Paulo] PHP Warning:  include_once(): Failed opening 'C:\xampp\htdocs\sgbccni\frontend\usuario/../includes/header.php' for inclusion (include_path='C:\xampp\php\PEAR') in C:\xampp\htdocs\sgbccni\frontend\usuario\favoritos.php on line 9
[10-Jun-2025 17:35:31 America/Sao_Paulo] PHP Fatal error:  Uncaught mysqli_sql_exception: Unknown column 'titulo' in 'field list' in C:\xampp\htdocs\sgbccni\frontend\usuario\favoritos.php:23
Stack trace:
#0 C:\xampp\htdocs\sgbccni\frontend\usuario\favoritos.php(23): mysqli->prepare('SELECT titulo, ...')
#1 {main}
  thrown in C:\xampp\htdocs\sgbccni\frontend\usuario\favoritos.php on line 23
[10-Jun-2025 17:35:31 America/Sao_Paulo] PHP Warning:  include_once(C:\xampp\htdocs\sgbccni\frontend\usuario/../includes/header.php): Failed to open stream: No such file or directory in C:\xampp\htdocs\sgbccni\frontend\usuario\favoritos.php on line 9
[10-Jun-2025 17:35:31 America/Sao_Paulo] PHP Warning:  include_once(): Failed opening 'C:\xampp\htdocs\sgbccni\frontend\usuario/../includes/header.php' for inclusion (include_path='C:\xampp\php\PEAR') in C:\xampp\htdocs\sgbccni\frontend\usuario\favoritos.php on line 9
[10-Jun-2025 17:35:31 America/Sao_Paulo] PHP Fatal error:  Uncaught mysqli_sql_exception: Unknown column 'titulo' in 'field list' in C:\xampp\htdocs\sgbccni\frontend\usuario\favoritos.php:23
Stack trace:
#0 C:\xampp\htdocs\sgbccni\frontend\usuario\favoritos.php(23): mysqli->prepare('SELECT titulo, ...')
#1 {main}
  thrown in C:\xampp\htdocs\sgbccni\frontend\usuario\favoritos.php on line 23
[10-Jun-2025 17:55:11 America/Sao_Paulo] PHP Fatal error:  Uncaught mysqli_sql_exception: Unknown column 'l.autor' in 'field list' in C:\xampp\htdocs\sgbccni\frontend\usuario\historico.php:18
Stack trace:
#0 C:\xampp\htdocs\sgbccni\frontend\usuario\historico.php(18): mysqli->prepare('SELECT l.id, l....')
#1 {main}
  thrown in C:\xampp\htdocs\sgbccni\frontend\usuario\historico.php on line 18
[10-Jun-2025 17:55:21 America/Sao_Paulo] PHP Fatal error:  Uncaught mysqli_sql_exception: Unknown column 'l.autor' in 'field list' in C:\xampp\htdocs\sgbccni\frontend\usuario\historico.php:18
Stack trace:
#0 C:\xampp\htdocs\sgbccni\frontend\usuario\historico.php(18): mysqli->prepare('SELECT l.id, l....')
#1 {main}
  thrown in C:\xampp\htdocs\sgbccni\frontend\usuario\historico.php on line 18
[10-Jun-2025 18:23:15 America/Sao_Paulo] PHP Fatal error:  Uncaught mysqli_sql_exception: Unknown column 'l.autor' in 'field list' in C:\xampp\htdocs\sgbccni\frontend\usuario\historico.php:18
Stack trace:
#0 C:\xampp\htdocs\sgbccni\frontend\usuario\historico.php(18): mysqli->prepare('SELECT l.id, l....')
#1 {main}
  thrown in C:\xampp\htdocs\sgbccni\frontend\usuario\historico.php on line 18
[10-Jun-2025 18:32:37 America/Sao_Paulo] PHP Fatal error:  Uncaught mysqli_sql_exception: Unknown column 'l.autor' in 'field list' in C:\xampp\htdocs\sgbccni\frontend\usuario\historico.php:18
Stack trace:
#0 C:\xampp\htdocs\sgbccni\frontend\usuario\historico.php(18): mysqli->prepare('SELECT l.id, l....')
#1 {main}
  thrown in C:\xampp\htdocs\sgbccni\frontend\usuario\historico.php on line 18
[10-Jun-2025 18:33:25 America/Sao_Paulo] PHP Warning:  Undefined variable $pdo in C:\xampp\htdocs\sgbccni\backend\controllers\auth\login_valida.php on line 22
[10-Jun-2025 18:33:25 America/Sao_Paulo] PHP Fatal error:  Uncaught Error: Call to a member function prepare() on null in C:\xampp\htdocs\sgbccni\backend\controllers\auth\login_valida.php:22
Stack trace:
#0 {main}
  thrown in C:\xampp\htdocs\sgbccni\backend\controllers\auth\login_valida.php on line 22
[10-Jun-2025 18:33:59 America/Sao_Paulo] PHP Warning:  Undefined variable $pdo in C:\xampp\htdocs\sgbccni\backend\controllers\auth\login_valida.php on line 22
[10-Jun-2025 18:33:59 America/Sao_Paulo] PHP Fatal error:  Uncaught Error: Call to a member function prepare() on null in C:\xampp\htdocs\sgbccni\backend\controllers\auth\login_valida.php:22
Stack trace:
#0 {main}
  thrown in C:\xampp\htdocs\sgbccni\backend\controllers\auth\login_valida.php on line 22
